# JRE version: OpenJDK Runtime Environment (8.0_242-b01) (build 1.8.0_242-release-1644-b01)
# Java VM: OpenJDK 64-Bit Server VM (25.242-b01 mixed mode windows-amd64 compressed oops)
Heap:
 PSYoungGen      total 235520K, used 101257K [0x00000000d5580000, 0x00000000e6400000, 0x0000000100000000)
  eden space 216064K, 37% used [0x00000000d5580000,0x00000000da5640d0,0x00000000e2880000)
  from space 19456K, 99% used [0x00000000e4280000,0x00000000e557e4f0,0x00000000e5580000)
  to   space 26624K, 0% used [0x00000000e2880000,0x00000000e2880000,0x00000000e4280000)
 ParOldGen       total 235520K, used 47246K [0x0000000080000000, 0x000000008e600000, 0x00000000d5580000)
  object space 235520K, 20% used [0x0000000080000000,0x0000000082e23a20,0x000000008e600000)
 Metaspace       used 75226K, capacity 79608K, committed 79656K, reserved 1118208K
  class space    used 10466K, capacity 11274K, committed 11312K, reserved 1048576K
GC Heap History (10 events):
Event: 11.827 GC heap before
{Heap before GC invocations=11 (full 2):
 PSYoungGen      total 159744K, used 159713K [0x00000000d5580000, 0x00000000e0d00000, 0x0000000100000000)
  eden space 148480K, 100% used [0x00000000d5580000,0x00000000de680000,0x00000000de680000)
  from space 11264K, 99% used [0x00000000e0200000,0x00000000e0cf8510,0x00000000e0d00000)
  to   space 12800K, 0% used [0x00000000df400000,0x00000000df400000,0x00000000e0080000)
 ParOldGen       total 156160K, used 16862K [0x0000000080000000, 0x0000000089880000, 0x00000000d5580000)
  object space 156160K, 10% used [0x0000000080000000,0x0000000081077bc8,0x0000000089880000)
 Metaspace       used 53719K, capacity 55598K, committed 55720K, reserved 1097728K
  class space    used 7301K, capacity 7751K, committed 7856K, reserved 1048576K
Event: 11.862 GC heap after
Heap after GC invocations=11 (full 2):
 PSYoungGen      total 175104K, used 12784K [0x00000000d5580000, 0x00000000e3080000, 0x0000000100000000)
  eden space 162304K, 0% used [0x00000000d5580000,0x00000000d5580000,0x00000000df400000)
  from space 12800K, 99% used [0x00000000df400000,0x00000000e007c040,0x00000000e0080000)
  to   space 18432K, 0% used [0x00000000e1e80000,0x00000000e1e80000,0x00000000e3080000)
 ParOldGen       total 156160K, used 28185K [0x0000000080000000, 0x0000000089880000, 0x00000000d5580000)
  object space 156160K, 18% used [0x0000000080000000,0x0000000081b86640,0x0000000089880000)
 Metaspace       used 53719K, capacity 55598K, committed 55720K, reserved 1097728K
  class space    used 7301K, capacity 7751K, committed 7856K, reserved 1048576K
}
Event: 12.732 GC heap before
{Heap before GC invocations=12 (full 2):
 PSYoungGen      total 175104K, used 68298K [0x00000000d5580000, 0x00000000e3080000, 0x0000000100000000)
  eden space 162304K, 34% used [0x00000000d5580000,0x00000000d8bb68c8,0x00000000df400000)
  from space 12800K, 99% used [0x00000000df400000,0x00000000e007c040,0x00000000e0080000)
  to   space 18432K, 0% used [0x00000000e1e80000,0x00000000e1e80000,0x00000000e3080000)
 ParOldGen       total 156160K, used 28185K [0x0000000080000000, 0x0000000089880000, 0x00000000d5580000)
  object space 156160K, 18% used [0x0000000080000000,0x0000000081b86640,0x0000000089880000)
 Metaspace       used 57038K, capacity 59058K, committed 59160K, reserved 1099776K
  class space    used 7837K, capacity 8313K, committed 8368K, reserved 1048576K
Event: 12.755 GC heap after
Heap after GC invocations=12 (full 2):
 PSYoungGen      total 205824K, used 11937K [0x00000000d5580000, 0x00000000e4500000, 0x0000000100000000)
  eden space 187392K, 0% used [0x00000000d5580000,0x00000000d5580000,0x00000000e0c80000)
  from space 18432K, 64% used [0x00000000e1e80000,0x00000000e2a28508,0x00000000e3080000)
  to   space 18432K, 0% used [0x00000000e0c80000,0x00000000e0c80000,0x00000000e1e80000)
 ParOldGen       total 156160K, used 33817K [0x0000000080000000, 0x0000000089880000, 0x00000000d5580000)
  object space 156160K, 21% used [0x0000000080000000,0x0000000082106590,0x0000000089880000)
 Metaspace       used 57038K, capacity 59058K, committed 59160K, reserved 1099776K
  class space    used 7837K, capacity 8313K, committed 8368K, reserved 1048576K
}
Event: 12.755 GC heap before
{Heap before GC invocations=13 (full 3):
 PSYoungGen      total 205824K, used 11937K [0x00000000d5580000, 0x00000000e4500000, 0x0000000100000000)
  eden space 187392K, 0% used [0x00000000d5580000,0x00000000d5580000,0x00000000e0c80000)
  from space 18432K, 64% used [0x00000000e1e80000,0x00000000e2a28508,0x00000000e3080000)
  to   space 18432K, 0% used [0x00000000e0c80000,0x00000000e0c80000,0x00000000e1e80000)
 ParOldGen       total 156160K, used 33817K [0x0000000080000000, 0x0000000089880000, 0x00000000d5580000)
  object space 156160K, 21% used [0x0000000080000000,0x0000000082106590,0x0000000089880000)
 Metaspace       used 57038K, capacity 59058K, committed 59160K, reserved 1099776K
  class space    used 7837K, capacity 8313K, committed 8368K, reserved 1048576K
Event: 13.118 GC heap after
Heap after GC invocations=13 (full 3):
 PSYoungGen      total 205824K, used 0K [0x00000000d5580000, 0x00000000e4500000, 0x0000000100000000)
  eden space 187392K, 0% used [0x00000000d5580000,0x00000000d5580000,0x00000000e0c80000)
  from space 18432K, 0% used [0x00000000e1e80000,0x00000000e1e80000,0x00000000e3080000)
  to   space 18432K, 0% used [0x00000000e0c80000,0x00000000e0c80000,0x00000000e1e80000)
 ParOldGen       total 235520K, used 34181K [0x0000000080000000, 0x000000008e600000, 0x00000000d5580000)
  object space 235520K, 14% used [0x0000000080000000,0x0000000082161730,0x000000008e600000)
 Metaspace       used 57009K, capacity 58962K, committed 59160K, reserved 1099776K
  class space    used 7829K, capacity 8297K, committed 8368K, reserved 1048576K
}
Event: 15.577 GC heap before
{Heap before GC invocations=14 (full 3):
 PSYoungGen      total 205824K, used 187392K [0x00000000d5580000, 0x00000000e4500000, 0x0000000100000000)
  eden space 187392K, 100% used [0x00000000d5580000,0x00000000e0c80000,0x00000000e0c80000)
  from space 18432K, 0% used [0x00000000e1e80000,0x00000000e1e80000,0x00000000e3080000)
  to   space 18432K, 0% used [0x00000000e0c80000,0x00000000e0c80000,0x00000000e1e80000)
 ParOldGen       total 235520K, used 34181K [0x0000000080000000, 0x000000008e600000, 0x00000000d5580000)
  object space 235520K, 14% used [0x0000000080000000,0x0000000082161730,0x000000008e600000)
 Metaspace       used 61883K, capacity 65150K, committed 65320K, reserved 1105920K
  class space    used 8563K, capacity 9181K, committed 9264K, reserved 1048576K
Event: 15.597 GC heap after
Heap after GC invocations=14 (full 3):
 PSYoungGen      total 205824K, used 16729K [0x00000000d5580000, 0x00000000e5580000, 0x0000000100000000)
  eden space 187392K, 0% used [0x00000000d5580000,0x00000000d5580000,0x00000000e0c80000)
  from space 18432K, 90% used [0x00000000e0c80000,0x00000000e1cd64e0,0x00000000e1e80000)
  to   space 19456K, 0% used [0x00000000e4280000,0x00000000e4280000,0x00000000e5580000)
 ParOldGen       total 235520K, used 34189K [0x0000000080000000, 0x000000008e600000, 0x00000000d5580000)
  object space 235520K, 14% used [0x0000000080000000,0x0000000082163730,0x000000008e600000)
 Metaspace       used 61883K, capacity 65150K, committed 65320K, reserved 1105920K
  class space    used 8563K, capacity 9181K, committed 9264K, reserved 1048576K
}
Event: 18.796 GC heap before
{Heap before GC invocations=15 (full 3):
 PSYoungGen      total 205824K, used 204121K [0x00000000d5580000, 0x00000000e5580000, 0x0000000100000000)
  eden space 187392K, 100% used [0x00000000d5580000,0x00000000e0c80000,0x00000000e0c80000)
  from space 18432K, 90% used [0x00000000e0c80000,0x00000000e1cd64e0,0x00000000e1e80000)
  to   space 19456K, 0% used [0x00000000e4280000,0x00000000e4280000,0x00000000e5580000)
 ParOldGen       total 235520K, used 34189K [0x0000000080000000, 0x000000008e600000, 0x00000000d5580000)
  object space 235520K, 14% used [0x0000000080000000,0x0000000082163730,0x000000008e600000)
 Metaspace       used 72837K, capacity 76762K, committed 76968K, reserved 1116160K
  class space    used 10122K, capacity 10881K, committed 10928K, reserved 1048576K
Event: 18.852 GC heap after
Heap after GC invocations=15 (full 3):
 PSYoungGen      total 235520K, used 19449K [0x00000000d5580000, 0x00000000e6400000, 0x0000000100000000)
  eden space 216064K, 0% used [0x00000000d5580000,0x00000000d5580000,0x00000000e2880000)
  from space 19456K, 99% used [0x00000000e4280000,0x00000000e557e4f0,0x00000000e5580000)
  to   space 26624K, 0% used [0x00000000e2880000,0x00000000e2880000,0x00000000e4280000)
 ParOldGen       total 235520K, used 47246K [0x0000000080000000, 0x000000008e600000, 0x00000000d5580000)
  object space 235520K, 20% used [0x0000000080000000,0x0000000082e23a20,0x000000008e600000)
 Metaspace       used 72837K, capacity 76762K, committed 76968K, reserved 1116160K
  class space    used 10122K, capacity 10881K, committed 10928K, reserved 1048576K
}

