# JRE version: OpenJDK Runtime Environment (8.0_242-b01) (build 1.8.0_242-release-1644-b01)
# Java VM: OpenJDK 64-Bit Server VM (25.242-b01 mixed mode windows-amd64 compressed oops)
Heap:
 PSYoungGen      total 371712K, used 35244K [0x00000000d5580000, 0x00000000ef700000, 0x0000000100000000)
  eden space 355840K, 5% used [0x00000000d5580000,0x00000000d686e0b8,0x00000000eb100000)
  from space 15872K, 99% used [0x00000000ecb00000,0x00000000eda7d320,0x00000000eda80000)
  to   space 26624K, 0% used [0x00000000eb100000,0x00000000eb100000,0x00000000ecb00000)
 ParOldGen       total 155136K, used 30108K [0x0000000080000000, 0x0000000089780000, 0x00000000d5580000)
  object space 155136K, 19% used [0x0000000080000000,0x0000000081d67170,0x0000000089780000)
 Metaspace       used 54743K, capacity 56720K, committed 56872K, reserved 1097728K
  class space    used 7464K, capacity 7902K, committed 7984K, reserved 1048576K
GC Heap History (10 events):
Event: 7.473 GC heap before
{Heap before GC invocations=4 (full 1):
 PSYoungGen      total 141824K, used 10725K [0x00000000d5580000, 0x00000000e6a80000, 0x0000000100000000)
  eden space 131072K, 0% used [0x00000000d5580000,0x00000000d5580000,0x00000000dd580000)
  from space 10752K, 99% used [0x00000000dd580000,0x00000000ddff95a8,0x00000000de000000)
  to   space 10752K, 0% used [0x00000000e6000000,0x00000000e6000000,0x00000000e6a80000)
 ParOldGen       total 175104K, used 2224K [0x0000000080000000, 0x000000008ab00000, 0x00000000d5580000)
  object space 175104K, 1% used [0x0000000080000000,0x000000008022c228,0x000000008ab00000)
 Metaspace       used 20671K, capacity 21260K, committed 21296K, reserved 1067008K
  class space    used 2894K, capacity 3116K, committed 3120K, reserved 1048576K
Event: 7.537 GC heap after
Heap after GC invocations=4 (full 1):
 PSYoungGen      total 141824K, used 0K [0x00000000d5580000, 0x00000000e6a80000, 0x0000000100000000)
  eden space 131072K, 0% used [0x00000000d5580000,0x00000000d5580000,0x00000000dd580000)
  from space 10752K, 0% used [0x00000000dd580000,0x00000000dd580000,0x00000000de000000)
  to   space 10752K, 0% used [0x00000000e6000000,0x00000000e6000000,0x00000000e6a80000)
 ParOldGen       total 103936K, used 12404K [0x0000000080000000, 0x0000000086580000, 0x00000000d5580000)
  object space 103936K, 11% used [0x0000000080000000,0x0000000080c1d198,0x0000000086580000)
 Metaspace       used 20671K, capacity 21260K, committed 21296K, reserved 1067008K
  class space    used 2894K, capacity 3116K, committed 3120K, reserved 1048576K
}
Event: 11.360 GC heap before
{Heap before GC invocations=5 (full 1):
 PSYoungGen      total 141824K, used 131072K [0x00000000d5580000, 0x00000000e6a80000, 0x0000000100000000)
  eden space 131072K, 100% used [0x00000000d5580000,0x00000000dd580000,0x00000000dd580000)
  from space 10752K, 0% used [0x00000000dd580000,0x00000000dd580000,0x00000000de000000)
  to   space 10752K, 0% used [0x00000000e6000000,0x00000000e6000000,0x00000000e6a80000)
 ParOldGen       total 103936K, used 12404K [0x0000000080000000, 0x0000000086580000, 0x00000000d5580000)
  object space 103936K, 11% used [0x0000000080000000,0x0000000080c1d198,0x0000000086580000)
 Metaspace       used 32288K, capacity 33112K, committed 33328K, reserved 1077248K
  class space    used 4402K, capacity 4609K, committed 4656K, reserved 1048576K
Event: 11.430 GC heap after
Heap after GC invocations=5 (full 1):
 PSYoungGen      total 227328K, used 10748K [0x00000000d5580000, 0x00000000e6a80000, 0x0000000100000000)
  eden space 216576K, 0% used [0x00000000d5580000,0x00000000d5580000,0x00000000e2900000)
  from space 10752K, 99% used [0x00000000e6000000,0x00000000e6a7f250,0x00000000e6a80000)
  to   space 10752K, 0% used [0x00000000e5580000,0x00000000e5580000,0x00000000e6000000)
 ParOldGen       total 103936K, used 14966K [0x0000000080000000, 0x0000000086580000, 0x00000000d5580000)
  object space 103936K, 14% used [0x0000000080000000,0x0000000080e9d9f8,0x0000000086580000)
 Metaspace       used 32288K, capacity 33112K, committed 33328K, reserved 1077248K
  class space    used 4402K, capacity 4609K, committed 4656K, reserved 1048576K
}
Event: 12.829 GC heap before
{Heap before GC invocations=6 (full 1):
 PSYoungGen      total 227328K, used 63154K [0x00000000d5580000, 0x00000000e6a80000, 0x0000000100000000)
  eden space 216576K, 24% used [0x00000000d5580000,0x00000000d88ad648,0x00000000e2900000)
  from space 10752K, 99% used [0x00000000e6000000,0x00000000e6a7f250,0x00000000e6a80000)
  to   space 10752K, 0% used [0x00000000e5580000,0x00000000e5580000,0x00000000e6000000)
 ParOldGen       total 103936K, used 14966K [0x0000000080000000, 0x0000000086580000, 0x00000000d5580000)
  object space 103936K, 14% used [0x0000000080000000,0x0000000080e9d9f8,0x0000000086580000)
 Metaspace       used 34648K, capacity 35412K, committed 35496K, reserved 1079296K
  class space    used 4751K, capacity 4973K, committed 5040K, reserved 1048576K
Event: 12.870 GC heap after
Heap after GC invocations=6 (full 1):
 PSYoungGen      total 272896K, used 8789K [0x00000000d5580000, 0x00000000eda80000, 0x0000000100000000)
  eden space 262144K, 0% used [0x00000000d5580000,0x00000000d5580000,0x00000000e5580000)
  from space 10752K, 81% used [0x00000000e5580000,0x00000000e5e15430,0x00000000e6000000)
  to   space 15872K, 0% used [0x00000000ecb00000,0x00000000ecb00000,0x00000000eda80000)
 ParOldGen       total 103936K, used 14974K [0x0000000080000000, 0x0000000086580000, 0x00000000d5580000)
  object space 103936K, 14% used [0x0000000080000000,0x0000000080e9f9f8,0x0000000086580000)
 Metaspace       used 34648K, capacity 35412K, committed 35496K, reserved 1079296K
  class space    used 4751K, capacity 4973K, committed 5040K, reserved 1048576K
}
Event: 12.871 GC heap before
{Heap before GC invocations=7 (full 2):
 PSYoungGen      total 272896K, used 8789K [0x00000000d5580000, 0x00000000eda80000, 0x0000000100000000)
  eden space 262144K, 0% used [0x00000000d5580000,0x00000000d5580000,0x00000000e5580000)
  from space 10752K, 81% used [0x00000000e5580000,0x00000000e5e15430,0x00000000e6000000)
  to   space 15872K, 0% used [0x00000000ecb00000,0x00000000ecb00000,0x00000000eda80000)
 ParOldGen       total 103936K, used 14974K [0x0000000080000000, 0x0000000086580000, 0x00000000d5580000)
  object space 103936K, 14% used [0x0000000080000000,0x0000000080e9f9f8,0x0000000086580000)
 Metaspace       used 34648K, capacity 35412K, committed 35496K, reserved 1079296K
  class space    used 4751K, capacity 4973K, committed 5040K, reserved 1048576K
Event: 13.054 GC heap after
Heap after GC invocations=7 (full 2):
 PSYoungGen      total 272896K, used 0K [0x00000000d5580000, 0x00000000eda80000, 0x0000000100000000)
  eden space 262144K, 0% used [0x00000000d5580000,0x00000000d5580000,0x00000000e5580000)
  from space 10752K, 0% used [0x00000000e5580000,0x00000000e5580000,0x00000000e6000000)
  to   space 15872K, 0% used [0x00000000ecb00000,0x00000000ecb00000,0x00000000eda80000)
 ParOldGen       total 155136K, used 15447K [0x0000000080000000, 0x0000000089780000, 0x00000000d5580000)
  object space 155136K, 9% used [0x0000000080000000,0x0000000080f15ce8,0x0000000089780000)
 Metaspace       used 34648K, capacity 35412K, committed 35496K, reserved 1079296K
  class space    used 4751K, capacity 4973K, committed 5040K, reserved 1048576K
}
Event: 19.561 GC heap before
{Heap before GC invocations=8 (full 2):
 PSYoungGen      total 272896K, used 262144K [0x00000000d5580000, 0x00000000eda80000, 0x0000000100000000)
  eden space 262144K, 100% used [0x00000000d5580000,0x00000000e5580000,0x00000000e5580000)
  from space 10752K, 0% used [0x00000000e5580000,0x00000000e5580000,0x00000000e6000000)
  to   space 15872K, 0% used [0x00000000ecb00000,0x00000000ecb00000,0x00000000eda80000)
 ParOldGen       total 155136K, used 15447K [0x0000000080000000, 0x0000000089780000, 0x00000000d5580000)
  object space 155136K, 9% used [0x0000000080000000,0x0000000080f15ce8,0x0000000089780000)
 Metaspace       used 53915K, capacity 55868K, committed 55976K, reserved 1097728K
  class space    used 7331K, capacity 7783K, committed 7856K, reserved 1048576K
Event: 19.597 GC heap after
Heap after GC invocations=8 (full 2):
 PSYoungGen      total 371712K, used 15860K [0x00000000d5580000, 0x00000000ef700000, 0x0000000100000000)
  eden space 355840K, 0% used [0x00000000d5580000,0x00000000d5580000,0x00000000eb100000)
  from space 15872K, 99% used [0x00000000ecb00000,0x00000000eda7d320,0x00000000eda80000)
  to   space 26624K, 0% used [0x00000000eb100000,0x00000000eb100000,0x00000000ecb00000)
 ParOldGen       total 155136K, used 30108K [0x0000000080000000, 0x0000000089780000, 0x00000000d5580000)
  object space 155136K, 19% used [0x0000000080000000,0x0000000081d67170,0x0000000089780000)
 Metaspace       used 53915K, capacity 55868K, committed 55976K, reserved 1097728K
  class space    used 7331K, capacity 7783K, committed 7856K, reserved 1048576K
}

